# JRE version: OpenJDK Runtime Environment (17.0.2+8) (build 17.0.2+8-86)
# Java VM: OpenJDK 64-Bit Server VM (17.0.2+8-86, mixed mode, sharing, tiered, compressed oops, compressed class ptrs, g1 gc, windows-amd64)
GC Precious Log:
 CPUs: 8 total, 8 available
 Memory: 16190M
 Large Page Support: Disabled
 NUMA Support: Disabled
 Compressed Oops: Enabled (Zero based)
 Heap Region Size: 2M
 Heap Min Capacity: 8M
 Heap Initial Capacity: 254M
 Heap Max Capacity: 4048M
 Pre-touch: Disabled
 Parallel Workers: 8
 Concurrent Workers: 2
 Concurrent Refinement Workers: 8
 Periodic GC: Disabled
Heap:
 garbage-first heap   total 61440K, used 31603K [0x0000000703000000, 0x0000000800000000)
  region size 2048K, 6 young (12288K), 2 survivors (4096K)
 Metaspace       used 35400K, committed 35840K, reserved 1081344K
  class space    used 4587K, committed 4800K, reserved 1048576K
GC Heap History (20 events):
Event: 1.590 GC heap before
{Heap before GC invocations=0 (full 0):
 garbage-first heap   total 260096K, used 20480K [0x0000000703000000, 0x0000000800000000)
  region size 2048K, 11 young (22528K), 0 survivors (0K)
 Metaspace       used 4167K, committed 4352K, reserved 1056768K
  class space    used 437K, committed 512K, reserved 1048576K
}
Event: 1.598 GC heap after
{Heap after GC invocations=1 (full 0):
 garbage-first heap   total 260096K, used 8341K [0x0000000703000000, 0x0000000800000000)
  region size 2048K, 2 young (4096K), 2 survivors (4096K)
 Metaspace       used 4167K, committed 4352K, reserved 1056768K
  class space    used 437K, committed 512K, reserved 1048576K
}
Event: 2.126 GC heap before
{Heap before GC invocations=1 (full 0):
 garbage-first heap   total 260096K, used 24725K [0x0000000703000000, 0x0000000800000000)
  region size 2048K, 11 young (22528K), 2 survivors (4096K)
 Metaspace       used 7005K, committed 7104K, reserved 1056768K
  class space    used 805K, committed 832K, reserved 1048576K
}
Event: 2.132 GC heap after
{Heap after GC invocations=2 (full 0):
 garbage-first heap   total 260096K, used 9414K [0x0000000703000000, 0x0000000800000000)
  region size 2048K, 1 young (2048K), 1 survivors (2048K)
 Metaspace       used 7005K, committed 7104K, reserved 1056768K
  class space    used 805K, committed 832K, reserved 1048576K
}
Event: 4.837 GC heap before
{Heap before GC invocations=2 (full 0):
 garbage-first heap   total 260096K, used 72902K [0x0000000703000000, 0x0000000800000000)
  region size 2048K, 32 young (65536K), 1 survivors (2048K)
 Metaspace       used 20837K, committed 21120K, reserved 1073152K
  class space    used 2629K, committed 2752K, reserved 1048576K
}
Event: 4.846 GC heap after
{Heap after GC invocations=3 (full 0):
 garbage-first heap   total 260096K, used 13530K [0x0000000703000000, 0x0000000800000000)
  region size 2048K, 3 young (6144K), 3 survivors (6144K)
 Metaspace       used 20837K, committed 21120K, reserved 1073152K
  class space    used 2629K, committed 2752K, reserved 1048576K
}
Event: 5.134 GC heap before
{Heap before GC invocations=3 (full 0):
 garbage-first heap   total 260096K, used 19674K [0x0000000703000000, 0x0000000800000000)
  region size 2048K, 7 young (14336K), 3 survivors (6144K)
 Metaspace       used 21238K, committed 21504K, reserved 1073152K
  class space    used 2680K, committed 2752K, reserved 1048576K
}
Event: 5.141 GC heap after
{Heap after GC invocations=4 (full 0):
 garbage-first heap   total 260096K, used 14108K [0x0000000703000000, 0x0000000800000000)
  region size 2048K, 3 young (6144K), 3 survivors (6144K)
 Metaspace       used 21238K, committed 21504K, reserved 1073152K
  class space    used 2680K, committed 2752K, reserved 1048576K
}
Event: 6.071 GC heap before
{Heap before GC invocations=5 (full 0):
 garbage-first heap   total 61440K, used 42780K [0x0000000703000000, 0x0000000800000000)
  region size 2048K, 18 young (36864K), 3 survivors (6144K)
 Metaspace       used 22180K, committed 22464K, reserved 1073152K
  class space    used 2792K, committed 2880K, reserved 1048576K
}
Event: 6.078 GC heap after
{Heap after GC invocations=6 (full 0):
 garbage-first heap   total 61440K, used 16003K [0x0000000703000000, 0x0000000800000000)
  region size 2048K, 2 young (4096K), 2 survivors (4096K)
 Metaspace       used 22180K, committed 22464K, reserved 1073152K
  class space    used 2792K, committed 2880K, reserved 1048576K
}
Event: 6.108 GC heap before
{Heap before GC invocations=6 (full 0):
 garbage-first heap   total 61440K, used 18051K [0x0000000703000000, 0x0000000800000000)
  region size 2048K, 3 young (6144K), 2 survivors (4096K)
 Metaspace       used 22188K, committed 22464K, reserved 1073152K
  class space    used 2792K, committed 2880K, reserved 1048576K
}
Event: 6.112 GC heap after
{Heap after GC invocations=7 (full 0):
 garbage-first heap   total 61440K, used 16024K [0x0000000703000000, 0x0000000800000000)
  region size 2048K, 1 young (2048K), 1 survivors (2048K)
 Metaspace       used 22188K, committed 22464K, reserved 1073152K
  class space    used 2792K, committed 2880K, reserved 1048576K
}
Event: 6.955 GC heap before
{Heap before GC invocations=7 (full 0):
 garbage-first heap   total 61440K, used 40600K [0x0000000703000000, 0x0000000800000000)
  region size 2048K, 13 young (26624K), 1 survivors (2048K)
 Metaspace       used 24855K, committed 25088K, reserved 1073152K
  class space    used 3106K, committed 3200K, reserved 1048576K
}
Event: 6.958 GC heap after
{Heap after GC invocations=8 (full 0):
 garbage-first heap   total 61440K, used 16829K [0x0000000703000000, 0x0000000800000000)
  region size 2048K, 1 young (2048K), 1 survivors (2048K)
 Metaspace       used 24855K, committed 25088K, reserved 1073152K
  class space    used 3106K, committed 3200K, reserved 1048576K
}
Event: 8.368 GC heap before
{Heap before GC invocations=8 (full 0):
 garbage-first heap   total 61440K, used 43453K [0x0000000703000000, 0x0000000800000000)
  region size 2048K, 14 young (28672K), 1 survivors (2048K)
 Metaspace       used 28022K, committed 28288K, reserved 1081344K
  class space    used 3657K, committed 3776K, reserved 1048576K
}
Event: 8.372 GC heap after
{Heap after GC invocations=9 (full 0):
 garbage-first heap   total 61440K, used 18486K [0x0000000703000000, 0x0000000800000000)
  region size 2048K, 2 young (4096K), 2 survivors (4096K)
 Metaspace       used 28022K, committed 28288K, reserved 1081344K
  class space    used 3657K, committed 3776K, reserved 1048576K
}
Event: 9.846 GC heap before
{Heap before GC invocations=9 (full 0):
 garbage-first heap   total 61440K, used 43062K [0x0000000703000000, 0x0000000800000000)
  region size 2048K, 14 young (28672K), 2 survivors (4096K)
 Metaspace       used 32078K, committed 32448K, reserved 1081344K
  class space    used 4237K, committed 4416K, reserved 1048576K
}
Event: 9.858 GC heap after
{Heap after GC invocations=10 (full 0):
 garbage-first heap   total 61440K, used 20797K [0x0000000703000000, 0x0000000800000000)
  region size 2048K, 2 young (4096K), 2 survivors (4096K)
 Metaspace       used 32078K, committed 32448K, reserved 1081344K
  class space    used 4237K, committed 4416K, reserved 1048576K
}
Event: 11.391 GC heap before
{Heap before GC invocations=10 (full 0):
 garbage-first heap   total 61440K, used 43325K [0x0000000703000000, 0x0000000800000000)
  region size 2048K, 14 young (28672K), 2 survivors (4096K)
 Metaspace       used 35393K, committed 35840K, reserved 1081344K
  class space    used 4587K, committed 4800K, reserved 1048576K
}
Event: 11.408 GC heap after
{Heap after GC invocations=11 (full 0):
 garbage-first heap   total 61440K, used 25459K [0x0000000703000000, 0x0000000800000000)
  region size 2048K, 2 young (4096K), 2 survivors (4096K)
 Metaspace       used 35393K, committed 35840K, reserved 1081344K
  class space    used 4587K, committed 4800K, reserved 1048576K
}

