# JRE version: OpenJDK Runtime Environment (17.0.2+8) (build 17.0.2+8-86)
# Java VM: OpenJDK 64-Bit Server VM (17.0.2+8-86, mixed mode, sharing, tiered, compressed oops, compressed class ptrs, g1 gc, windows-amd64)
GC Precious Log:
 CPUs: 8 total, 8 available
 Memory: 16190M
 Large Page Support: Disabled
 NUMA Support: Disabled
 Compressed Oops: Enabled (Zero based)
 Heap Region Size: 2M
 Heap Min Capacity: 8M
 Heap Initial Capacity: 254M
 Heap Max Capacity: 4048M
 Pre-touch: Disabled
 Parallel Workers: 8
 Concurrent Workers: 2
 Concurrent Refinement Workers: 8
 Periodic GC: Disabled
Heap:
 garbage-first heap   total 217088K, used 118891K [0x0000000703000000, 0x0000000800000000)
  region size 2048K, 28 young (57344K), 1 survivors (2048K)
 Metaspace       used 69415K, committed 69952K, reserved 1114112K
  class space    used 9186K, committed 9472K, reserved 1048576K
GC Heap History (20 events):
Event: 15.288 GC heap before
{Heap before GC invocations=17 (full 0):
 garbage-first heap   total 96256K, used 73849K [0x0000000703000000, 0x0000000800000000)
  region size 2048K, 23 young (47104K), 3 survivors (6144K)
 Metaspace       used 61614K, committed 62016K, reserved 1105920K
  class space    used 8272K, committed 8448K, reserved 1048576K
}
Event: 15.295 GC heap after
{Heap after GC invocations=18 (full 0):
 garbage-first heap   total 96256K, used 34651K [0x0000000703000000, 0x0000000800000000)
  region size 2048K, 3 young (6144K), 3 survivors (6144K)
 Metaspace       used 61614K, committed 62016K, reserved 1105920K
  class space    used 8272K, committed 8448K, reserved 1048576K
}
Event: 16.635 GC heap before
{Heap before GC invocations=18 (full 0):
 garbage-first heap   total 96256K, used 75611K [0x0000000703000000, 0x0000000800000000)
  region size 2048K, 23 young (47104K), 3 survivors (6144K)
 Metaspace       used 66407K, committed 66944K, reserved 1114112K
  class space    used 8870K, committed 9152K, reserved 1048576K
}
Event: 16.642 GC heap after
{Heap after GC invocations=19 (full 0):
 garbage-first heap   total 96256K, used 38347K [0x0000000703000000, 0x0000000800000000)
  region size 2048K, 3 young (6144K), 3 survivors (6144K)
 Metaspace       used 66407K, committed 66944K, reserved 1114112K
  class space    used 8870K, committed 9152K, reserved 1048576K
}
Event: 17.561 GC heap before
{Heap before GC invocations=19 (full 0):
 garbage-first heap   total 96256K, used 73163K [0x0000000703000000, 0x0000000800000000)
  region size 2048K, 20 young (40960K), 3 survivors (6144K)
 Metaspace       used 68300K, committed 68800K, reserved 1114112K
  class space    used 9095K, committed 9344K, reserved 1048576K
}
Event: 17.572 GC heap after
{Heap after GC invocations=20 (full 0):
 garbage-first heap   total 96256K, used 44214K [0x0000000703000000, 0x0000000800000000)
  region size 2048K, 3 young (6144K), 3 survivors (6144K)
 Metaspace       used 68300K, committed 68800K, reserved 1114112K
  class space    used 9095K, committed 9344K, reserved 1048576K
}
Event: 18.044 GC heap before
{Heap before GC invocations=20 (full 0):
 garbage-first heap   total 96256K, used 72886K [0x0000000703000000, 0x0000000800000000)
  region size 2048K, 18 young (36864K), 3 survivors (6144K)
 Metaspace       used 68415K, committed 68928K, reserved 1114112K
  class space    used 9098K, committed 9344K, reserved 1048576K
}
Event: 18.056 GC heap after
{Heap after GC invocations=21 (full 0):
 garbage-first heap   total 96256K, used 53052K [0x0000000703000000, 0x0000000800000000)
  region size 2048K, 3 young (6144K), 3 survivors (6144K)
 Metaspace       used 68415K, committed 68928K, reserved 1114112K
  class space    used 9098K, committed 9344K, reserved 1048576K
}
Event: 18.514 GC heap before
{Heap before GC invocations=21 (full 0):
 garbage-first heap   total 96256K, used 71484K [0x0000000703000000, 0x0000000800000000)
  region size 2048K, 12 young (24576K), 3 survivors (6144K)
 Metaspace       used 68512K, committed 68992K, reserved 1114112K
  class space    used 9107K, committed 9344K, reserved 1048576K
}
Event: 18.520 GC heap after
{Heap after GC invocations=22 (full 0):
 garbage-first heap   total 96256K, used 55813K [0x0000000703000000, 0x0000000800000000)
  region size 2048K, 2 young (4096K), 2 survivors (4096K)
 Metaspace       used 68512K, committed 68992K, reserved 1114112K
  class space    used 9107K, committed 9344K, reserved 1048576K
}
Event: 18.915 GC heap before
{Heap before GC invocations=23 (full 0):
 garbage-first heap   total 102400K, used 70149K [0x0000000703000000, 0x0000000800000000)
  region size 2048K, 10 young (20480K), 2 survivors (4096K)
 Metaspace       used 68530K, committed 68992K, reserved 1114112K
  class space    used 9107K, committed 9344K, reserved 1048576K
}
Event: 18.920 GC heap after
{Heap after GC invocations=24 (full 0):
 garbage-first heap   total 102400K, used 59185K [0x0000000703000000, 0x0000000800000000)
  region size 2048K, 2 young (4096K), 2 survivors (4096K)
 Metaspace       used 68530K, committed 68992K, reserved 1114112K
  class space    used 9107K, committed 9344K, reserved 1048576K
}
Event: 18.925 GC heap before
{Heap before GC invocations=24 (full 0):
 garbage-first heap   total 102400K, used 61233K [0x0000000703000000, 0x0000000800000000)
  region size 2048K, 3 young (6144K), 2 survivors (4096K)
 Metaspace       used 68530K, committed 68992K, reserved 1114112K
  class space    used 9107K, committed 9344K, reserved 1048576K
}
Event: 18.930 GC heap after
{Heap after GC invocations=25 (full 0):
 garbage-first heap   total 102400K, used 56023K [0x0000000703000000, 0x0000000800000000)
  region size 2048K, 1 young (2048K), 1 survivors (2048K)
 Metaspace       used 68530K, committed 68992K, reserved 1114112K
  class space    used 9107K, committed 9344K, reserved 1048576K
}
Event: 19.174 GC heap before
{Heap before GC invocations=25 (full 0):
 garbage-first heap   total 102400K, used 74455K [0x0000000703000000, 0x0000000800000000)
  region size 2048K, 11 young (22528K), 1 survivors (2048K)
 Metaspace       used 68559K, committed 68992K, reserved 1114112K
  class space    used 9107K, committed 9344K, reserved 1048576K
}
Event: 19.183 GC heap after
{Heap after GC invocations=26 (full 0):
 garbage-first heap   total 217088K, used 61821K [0x0000000703000000, 0x0000000800000000)
  region size 2048K, 2 young (4096K), 2 survivors (4096K)
 Metaspace       used 68559K, committed 68992K, reserved 1114112K
  class space    used 9107K, committed 9344K, reserved 1048576K
}
Event: 20.784 GC heap before
{Heap before GC invocations=27 (full 0):
 garbage-first heap   total 217088K, used 147837K [0x0000000703000000, 0x0000000800000000)
  region size 2048K, 45 young (92160K), 2 survivors (4096K)
 Metaspace       used 68667K, committed 69184K, reserved 1114112K
  class space    used 9115K, committed 9344K, reserved 1048576K
}
Event: 20.794 GC heap after
{Heap after GC invocations=28 (full 0):
 garbage-first heap   total 217088K, used 66413K [0x0000000703000000, 0x0000000800000000)
  region size 2048K, 5 young (10240K), 5 survivors (10240K)
 Metaspace       used 68667K, committed 69184K, reserved 1114112K
  class space    used 9115K, committed 9344K, reserved 1048576K
}
Event: 20.851 GC heap before
{Heap before GC invocations=28 (full 0):
 garbage-first heap   total 217088K, used 68461K [0x0000000703000000, 0x0000000800000000)
  region size 2048K, 6 young (12288K), 5 survivors (10240K)
 Metaspace       used 68668K, committed 69184K, reserved 1114112K
  class space    used 9116K, committed 9344K, reserved 1048576K
}
Event: 20.856 GC heap after
{Heap after GC invocations=29 (full 0):
 garbage-first heap   total 217088K, used 65643K [0x0000000703000000, 0x0000000800000000)
  region size 2048K, 1 young (2048K), 1 survivors (2048K)
 Metaspace       used 68668K, committed 69184K, reserved 1114112K
  class space    used 9116K, committed 9344K, reserved 1048576K
}

